[2025-06-25 09:06:31]	compilation failed at : "c:\Users\WH-HKB\Desktop\VS51Code\250515_Projects\20_定时器封装流水灯\src\Int\Int_FlowLed.c", exit code: 2
command: 
  "d:\Development\Keil_v5\C51\BIN\C51.exe" .\src\Int\Int_FlowLed.c OMF2 TABS(4) CODE NOCOND SYMBOLS PRINT(.\build\Release\.obj\src\Int\Int_FlowLed.lst) INCDIR(d:/Development/Keil_v5/C51/INC/STC;d:/Development/Keil_v5/C51/INC) DEFINE(__UVISION_VERSION='526') OPTIMIZE(8,SPEED) SMALL ROM(LARGE) OBJECT(.\build\Release\.obj\src\Int\Int_FlowLed.o)
   at unify_builder.Program.Main(String[] args_)
---
C51 COMPILER V9.60.7.0 - SN: K1DZC-4PZPXC
COPYRIGHT Copyright (C) 2012 - 2022 ARM Limited or its Affiliates. All rights reserved.
*** ERROR C100 IN LINE 34 OF .\src\Int\Int_FlowLed.c: unprintable character 0xC8 skipped
*** ERROR C100 IN LINE 34 OF .\src\Int\Int_FlowLed.c: unprintable character 0xCE skipped
*** ERROR C100 IN LINE 34 OF .\src\Int\Int_FlowLed.c: unprintable character 0xCE skipped
*** ERROR C100 IN LINE 34 OF .\src\Int\Int_FlowLed.c: unprintable character 0xF1 skipped

C51 COMPILATION COMPLETE.  0 WARNING(S),  4 ERROR(S)

[2025-06-25 09:07:03]	[done]
	build successfully !

[2025-06-25 09:08:57]	[done]
	build successfully !

[2025-06-25 09:13:02]	[done]
	build successfully !

[2025-06-25 09:14:43]	[done]
	build successfully !

