C51 COMPILER V9.60.7.0   MAIN                                                              06/20/2025 14:16:18 PAGE 1   


C51 COMPILER V9.60.7.0, COMPILATION OF MODULE MAIN
OBJECT MODULE PLACED IN .\Objects\main.obj
COMPILER INVOKED BY: D:\Development\Keil_v5\C51\BIN\C51.EXE main.c OPTIMIZE(8,SPEED) BROWSE DEBUG OBJECTEXTEND PRINT(.\L
                    -istings\main.lst) TABS(2) OBJECT(.\Objects\main.obj)

line level    source

   1          #include <STC89C5xRC.H>
   2          #include <INTRINS.H>
   3          
   4          //宏定义方式 : 做文本替换 [不能打分号]
   5          //#define unsigned int u16 
   6          //取别名的方式 : typedef
   7          typedef unsigned int u16;
   8          typedef unsigned char u8;
   9          
  10          //函数声明
  11          void Delayms(u16 millis);
  12          
  13          void main(){
  14   1        //需要把蜂鸣器关闭
  15   1        P46 = 0;
  16   1        //设置P00端口的电平
  17   1        P00 = 0;
  18   1        
  19   1        while(1){
  20   2          //把P00引脚电平取反
  21   2          P00 = ~P00;
  22   2          
  23   2          //需要延时
  24   2          Delayms(500);
  25   2        }
  26   1      }
  27          
  28          //修改这个函数 把它变成一个可以传入数据的延时函数
  29          //传入多少就延时多少毫秒
  30          void Delayms(u16 millis)  //@11.0592MHz
  31          {
  32   1         u8 data i, j;
  33   1      
  34   1        while(millis > 0){
  35   2          _nop_();
  36   2          i = 2;
  37   2          j = 199;
  38   2          do
  39   2          {
  40   3            while (--j);
  41   3          } while (--i);
  42   2          millis--;
  43   2        }
  44   1      }


MODULE INFORMATION:   STATIC OVERLAYABLE
   CODE SIZE        =     41    ----
   CONSTANT SIZE    =   ----    ----
   XDATA SIZE       =   ----    ----
   PDATA SIZE       =   ----    ----
   DATA SIZE        =   ----    ----
   IDATA SIZE       =   ----    ----
   BIT SIZE         =   ----    ----
C51 COMPILER V9.60.7.0   MAIN                                                              06/20/2025 14:16:18 PAGE 2   

END OF MODULE INFORMATION.


C51 COMPILATION COMPLETE.  0 WARNING(S),  0 ERROR(S)
