C51 COMPILER V9.60.7.0   MAIN                                                              06/20/2025 11:07:16 PAGE 1   


C51 COMPILER V9.60.7.0, COMPILATION OF MODULE MAIN
OBJECT MODULE PLACED IN .\Objects\main.obj
COMPILER INVOKED BY: D:\Development\Keil_v5\C51\BIN\C51.EXE main.c OPTIMIZE(8,SPEED) BROWSE DEBUG OBJECTEXTEND PRINT(.\L
                    -istings\main.lst) TABS(2) OBJECT(.\Objects\main.obj)

line level    source

   1          //导入头文件
   2          #include <STC89C5xRC.H>
   3          
   4          //编写主函数
   5          void main(){
   6   1        
   7   1        //把蜂鸣器关闭
   8   1        P46 = 0; //同学们可以不写这个代码 !!
   9   1        
  10   1        //把LED1点亮 -> 由P00控制,把P00引脚改为低电平即可
  11   1        P00 = 0;
  12   1        
  13   1        //死循环 : 防止程序跑飞
  14   1        while(1);
  15   1      }


MODULE INFORMATION:   STATIC OVERLAYABLE
   CODE SIZE        =      6    ----
   CONSTANT SIZE    =   ----    ----
   XDATA SIZE       =   ----    ----
   PDATA SIZE       =   ----    ----
   DATA SIZE        =   ----    ----
   IDATA SIZE       =   ----    ----
   BIT SIZE         =   ----    ----
END OF MODULE INFORMATION.


C51 COMPILATION COMPLETE.  0 WARNING(S),  0 ERROR(S)
