[2025-07-01 16:33:02]	[done]
	build successfully !

[2025-07-01 16:59:36]	[done]
	build successfully !

[2025-07-01 17:00:42]	[done]
	build successfully !

[2025-07-01 17:18:54]	compilation failed at : "c:\Users\WH-HKB\Desktop\VS51Code\250515_Projects\28_DS18B20_温度传感器\src\main.c", exit code: 2
command: 
  "d:\Development\Keil_v5\C51\BIN\C51.exe" .\src\main.c OMF2 TABS(4) CODE NOCOND SYMBOLS INCDIR(d:/Development/Keil_v5/C51/INC/STC;d:/Development/Keil_v5/C51/INC;src;src/Com;src/Dri;src/Int) DEFINE(__UVISION_VERSION='526') OPTIMIZE(8,SPEED) SMALL ROM(LARGE) PRINT(.\build\Release\.obj\src\main.lst) OBJECT(.\build\Release\.obj\src\main.o)
   at unify_builder.Program.Main(String[] args_)
---
C51 COMPILER V9.60.7.0 - SN: K1DZC-4PZPXC
COPYRIGHT Copyright (C) 2012 - 2022 ARM Limited or its Affiliates. All rights reserved.
*** ERROR C141 IN LINE 11 OF .\src\main.c: syntax error near 'char', expected '__asm'
*** ERROR C202 IN LINE 11 OF .\src\main.c: 'temperature2_str': undefined identifier
*** ERROR C202 IN LINE 23 OF .\src\main.c: 'temperature2_str': undefined identifier
*** ERROR C202 IN LINE 25 OF .\src\main.c: 'temperature2_str': undefined identifier

C51 COMPILATION COMPLETE.  0 WARNING(S),  4 ERROR(S)

[2025-07-01 17:19:09]	[done]
	build successfully !

[2025-07-01 17:19:43]	[done]
	build successfully !

[2025-07-01 17:21:23]	[done]
	build successfully !

[2025-07-01 17:22:14]	[done]
	build successfully !

[2025-07-01 19:22:13]	compilation failed at : "e:\c语言资料\wh0515\06_51单片机\day\Day09\代码\28_DS18B20_温度传感器\src\Dri\Dri_Timer0.c", exit code: 2
command: 
  "e:\project_ruanjian\Keil_C51\C51\BIN\C51.exe" .\src\Dri\Dri_Timer0.c OMF2 TABS(4) CODE NOCOND SYMBOLS INCDIR(../../../../../../../project_ruanjian/Keil_C51/C51/INC/STC;../../../../../../../project_ruanjian/Keil_C51/C51/INC;src;src/Int;src/Dri;src/Com) DEFINE(__UVISION_VERSION='526') OPTIMIZE(8,SPEED) SMALL ROM(LARGE) PRINT(.\build\Release\.obj\src\Dri\Dri_Timer0.lst) OBJECT(.\build\Release\.obj\src\Dri\Dri_Timer0.o)
   at unify_builder.Program.Main(String[] args_)
---
C51 COMPILER V9.60.7.0 - SN: Eval Version
COPYRIGHT Copyright (C) 2012 - 2022 ARM Limited or its Affiliates. All rights reserved.
*** ERROR C202 IN LINE 65 OF .\src\Dri\Dri_Timer0.c: 'NULL': undefined identifier
*** ERROR C202 IN LINE 92 OF .\src\Dri\Dri_Timer0.c: 'NULL': undefined identifier
*** ERROR C202 IN LINE 122 OF .\src\Dri\Dri_Timer0.c: 'NULL': undefined identifier
*** ERROR C211 IN LINE 124 OF .\src\Dri\Dri_Timer0.c: call not to a function

C51 COMPILATION COMPLETE.  0 WARNING(S),  4 ERROR(S)

[2025-07-01 19:24:54]	link failed !, exit code: 3
   at unify_builder.Program.Main(String[] args_)
---

LX51 LINKER/LOCATER V4.66.100.0 - SN: Eval Version
COPYRIGHT Copyright (C) 1995-2021, Arm Limited or its Affiliates. All rights reserved.
@e:\c语言资料\wh0515\06_51单片机\day\Day09\代码\28_DS18B20_温度传感器\build\Release\28_DS18B20_温度传感器.lnp .\build\Release\.obj\src\Com\Com_Util.o,.\build\Release\.obj\src\Dri\Dri_1Wire.o,.\build\Release\.obj\src\Dri\Dri_IIC.o,.\build\Release\.obj\src\Dri\Dri_Timer0.o,.\build\Release\.obj\src\Int\Int_18B20.o,.\build\Release\.obj\src\Int\Int_OLED.o,.\build\Release\.obj\src\main.o TO .\build\Release\28_DS18B20_温度传感器
PRINT(.\build\Release\28_DS18B20_温度传感器.map) REMOVEUNUSED
******************************************************************************
* RESTRICTED VERSION WITH 0800H BYTE CODE SIZE LIMIT; USED: 0B1BH BYTE (138%) *
******************************************************************************

Program Size: data=91.1 xdata=0 const=1596 code=3843
*** ERROR L250: CODE SIZE LIMIT IN RESTRICTED VERSION EXCEEDED
    LIMIT:   0800H BYTES


[2025-07-01 19:25:48]	[done]
	build successfully !

