[2025-06-21 16:46:50]	compilation failed at : "c:\Users\WH-HKB\Desktop\VS51Code\250515_Projects\08_动态数码管_模块化编程\src\Int\Int_DigtalTube.c", exit code: 2
command: 
  "d:\Development\Keil_v5\C51\BIN\C51.exe" .\src\Int\Int_DigtalTube.c OMF2 TABS(4) CODE NOCOND SYMBOLS PRINT(.\build\Release\.obj\src\Int\Int_DigtalTube.lst) INCDIR(d:/Development/Keil_v5/C51/INC/STC;d:/Development/Keil_v5/C51/INC) DEFINE(__UVISION_VERSION='526') OPTIMIZE(8,SPEED) SMALL ROM(LARGE) OBJECT(.\build\Release\.obj\src\Int\Int_DigtalTube.o)
   at unify_builder.Program.Main(String[] args_)
---
C51 COMPILER V9.60.7.0 - SN: K1DZC-4PZPXC
COPYRIGHT Copyright (C) 2012 - 2022 ARM Limited or its Affiliates. All rights reserved.
*** WARNING C318 IN LINE 4 OF .\src\Int\Int_DigtalTube.h: can't open file 'Com_Util.h'
*** ERROR C141 IN LINE 19 OF .\src\Int\Int_DigtalTube.h: syntax error near 'pos', expected ')'
*** ERROR C141 IN LINE 32 OF .\src\Int\Int_DigtalTube.h: syntax error near 'number', expected ')'
*** ERROR C129 IN LINE 4 OF .\src\Int\Int_DigtalTube.c: missing ';' before 'number_codes'

C51 COMPILATION COMPLETE.  1 WARNING(S),  3 ERROR(S)

[2025-06-21 16:47:54]	[done]
	build successfully !

[2025-06-21 16:49:29]	[done]
	build successfully !

[2025-06-21 16:50:00]	[done]
	build successfully !

[2025-06-21 16:51:02]	[done]
	build successfully !

[2025-06-21 16:52:32]	compilation failed at : "c:\Users\WH-HKB\Desktop\VS51Code\250515_Projects\08_动态数码管_模块化编程\src\main.c", exit code: 2
command: 
  "d:\Development\Keil_v5\C51\BIN\C51.exe" .\src\main.c OMF2 TABS(4) CODE NOCOND SYMBOLS PRINT(.\build\Release\.obj\src\main.lst) INCDIR(d:/Development/Keil_v5/C51/INC/STC;d:/Development/Keil_v5/C51/INC) DEFINE(__UVISION_VERSION='526') OPTIMIZE(8,SPEED) SMALL ROM(LARGE) OBJECT(.\build\Release\.obj\src\main.o)
   at unify_builder.Program.Main(String[] args_)
---
C51 COMPILER V9.60.7.0 - SN: K1DZC-4PZPXC
COPYRIGHT Copyright (C) 2012 - 2022 ARM Limited or its Affiliates. All rights reserved.
*** WARNING C318 IN LINE 1 OF .\src\main.c: can't open file 'Com_Util.h'
*** WARNING C318 IN LINE 3 OF .\src\main.c: can't open file 'Int_DigtalTube.h'
*** WARNING C206 IN LINE 8 OF .\src\main.c: 'Init_DigtalTube': missing function-prototype
*** WARNING C206 IN LINE 10 OF .\src\main.c: 'DigtalTube_setBuffer': missing function-prototype
*** ERROR C267 IN LINE 10 OF .\src\main.c: 'DigtalTube_setBuffer': requires ANSI-style prototype

C51 COMPILATION COMPLETE.  4 WARNING(S),  1 ERROR(S)

[2025-06-21 16:53:46]	[done]
	build successfully !

