[2025-06-23 10:17:11]	compilation failed at : "c:\Users\WH-HKB\Desktop\VS51Code\250515_Projects\10_独立按键\src\main.c", exit code: 2
command: 
  "d:\Development\Keil_v5\C51\BIN\C51.exe" .\src\main.c OMF2 TABS(4) CODE NOCOND SYMBOLS PRINT(.\build\Release\.obj\src\main.lst) INCDIR(d:/Development/Keil_v5/C51/INC/STC;d:/Development/Keil_v5/C51/INC) DEFINE(__UVISION_VERSION='526') OPTIMIZE(8,SPEED) SMALL ROM(LARGE) OBJECT(.\build\Release\.obj\src\main.o)
   at unify_builder.Program.Main(String[] args_)
---
C51 COMPILER V9.60.7.0 - SN: K1DZC-4PZPXC
COPYRIGHT Copyright (C) 2012 - 2022 ARM Limited or its Affiliates. All rights reserved.
*** WARNING C318 IN LINE 1 OF .\src\main.c: can't open file 'Com_Util.h'
*** ERROR C202 IN LINE 13 OF .\src\main.c: 'P42': undefined identifier
*** ERROR C202 IN LINE 15 OF .\src\main.c: 'P00': undefined identifier
*** ERROR C202 IN LINE 18 OF .\src\main.c: 'P43': undefined identifier
*** ERROR C202 IN LINE 20 OF .\src\main.c: 'P01': undefined identifier
*** ERROR C202 IN LINE 23 OF .\src\main.c: 'P32': undefined identifier
*** ERROR C202 IN LINE 25 OF .\src\main.c: 'P02': undefined identifier
*** ERROR C202 IN LINE 28 OF .\src\main.c: 'P33': undefined identifier
*** ERROR C202 IN LINE 30 OF .\src\main.c: 'P03': undefined identifier

C51 COMPILATION COMPLETE.  1 WARNING(S),  8 ERROR(S)

[2025-06-23 10:17:44]	compilation failed at : "c:\Users\WH-HKB\Desktop\VS51Code\250515_Projects\10_独立按键\src\main.c", exit code: 2
command: 
  "d:\Development\Keil_v5\C51\BIN\C51.exe" .\src\main.c OMF2 TABS(4) CODE NOCOND SYMBOLS PRINT(.\build\Release\.obj\src\main.lst) INCDIR(d:/Development/Keil_v5/C51/INC/STC;d:/Development/Keil_v5/C51/INC) DEFINE(__UVISION_VERSION='526') OPTIMIZE(8,SPEED) SMALL ROM(LARGE) OBJECT(.\build\Release\.obj\src\main.o)
   at unify_builder.Program.Main(String[] args_)
---
C51 COMPILER V9.60.7.0 - SN: K1DZC-4PZPXC
COPYRIGHT Copyright (C) 2012 - 2022 ARM Limited or its Affiliates. All rights reserved.
*** ERROR C103 IN LINE 1 OF .\src\Com/Com_Util.h: '<string>': unclosed string
*** ERROR C141 IN LINE 1 OF .\src\Com/Com_Util.h: syntax error near '<string>', expected 'hdata'
*** ERROR C305 IN LINE 1 OF .\src\main.c: unterminated string/char const

C51 COMPILATION COMPLETE.  0 WARNING(S),  3 ERROR(S)

[2025-06-23 10:17:55]	[done]
	build successfully !

[2025-06-23 10:18:30]	[done]
	build successfully !

[2025-06-23 10:23:01]	[done]
	build successfully !

[2025-06-23 10:24:55]	[done]
	build successfully !

[2025-06-23 10:28:37]	[done]
	build successfully !

