[2025-06-27 15:03:11]	compilation failed at : "c:\Users\WH-HKB\Desktop\VS51Code\250515_Projects\24_UART通讯协议\src\Dri\Dri_UART.c", exit code: 2
command: 
  "d:\Development\Keil_v5\C51\BIN\C51.exe" .\src\Dri\Dri_UART.c OMF2 TABS(4) CODE NOCOND SYMBOLS INCDIR(d:/Development/Keil_v5/C51/INC/STC;d:/Development/Keil_v5/C51/INC;src;src/Com;src/Dri) DEFINE(__UVISION_VERSION='526') OPTIMIZE(8,SPEED) SMALL ROM(LARGE) PRINT(.\build\Release\.obj\src\Dri\Dri_UART.lst) OBJECT(.\build\Release\.obj\src\Dri\Dri_UART.o)
   at unify_builder.Program.Main(String[] args_)
---
C51 COMPILER V9.60.7.0 - SN: K1DZC-4PZPXC
COPYRIGHT Copyright (C) 2012 - 2022 ARM Limited or its Affiliates. All rights reserved.
*** ERROR C141 IN LINE 43 OF .\src\Dri\Dri_UART.c: syntax error near 'EA', expected ';'

C51 COMPILATION COMPLETE.  0 WARNING(S),  1 ERROR(S)

[2025-06-27 15:03:29]	[done]
	build successfully !

[2025-06-27 15:08:07]	[done]
	build successfully !

[2025-06-27 15:11:42]	[done]
	build successfully !

[2025-06-27 15:15:35]	compilation failed at : "c:\Users\WH-HKB\Desktop\VS51Code\250515_Projects\24_UART通讯协议\src\main.c", exit code: 2
command: 
  "d:\Development\Keil_v5\C51\BIN\C51.exe" .\src\main.c OMF2 TABS(4) CODE NOCOND SYMBOLS INCDIR(d:/Development/Keil_v5/C51/INC/STC;d:/Development/Keil_v5/C51/INC;src;src/Com;src/Dri) DEFINE(__UVISION_VERSION='526') OPTIMIZE(8,SPEED) SMALL ROM(LARGE) PRINT(.\build\Release\.obj\src\main.lst) OBJECT(.\build\Release\.obj\src\main.o)
   at unify_builder.Program.Main(String[] args_)
---
C51 COMPILER V9.60.7.0 - SN: K1DZC-4PZPXC
COPYRIGHT Copyright (C) 2012 - 2022 ARM Limited or its Affiliates. All rights reserved.
*** ERROR C141 IN LINE 8 OF .\src\main.c: syntax error near 'char', expected '__asm'
*** ERROR C202 IN LINE 8 OF .\src\main.c: 'ch': undefined identifier
*** ERROR C202 IN LINE 16 OF .\src\main.c: 'ch': undefined identifier
*** ERROR C202 IN LINE 19 OF .\src\main.c: 'ch': undefined identifier
*** ERROR C202 IN LINE 24 OF .\src\main.c: 'ch': undefined identifier

C51 COMPILATION COMPLETE.  0 WARNING(S),  5 ERROR(S)

[2025-06-27 15:15:47]	[done]
	build successfully !

[2025-06-27 15:47:21]	[done]
	build successfully !

[2025-06-27 16:09:10]	compilation failed at : "c:\Users\WH-HKB\Desktop\VS51Code\250515_Projects\24_UART通讯协议\src\Dri\Dri_UART.c", exit code: 2
command: 
  "d:\Development\Keil_v5\C51\BIN\C51.exe" .\src\Dri\Dri_UART.c OMF2 TABS(4) CODE NOCOND SYMBOLS INCDIR(d:/Development/Keil_v5/C51/INC/STC;d:/Development/Keil_v5/C51/INC;src;src/Com;src/Dri) DEFINE(__UVISION_VERSION='526') OPTIMIZE(8,SPEED) SMALL ROM(LARGE) PRINT(.\build\Release\.obj\src\Dri\Dri_UART.lst) OBJECT(.\build\Release\.obj\src\Dri\Dri_UART.o)
   at unify_builder.Program.Main(String[] args_)
---
C51 COMPILER V9.60.7.0 - SN: K1DZC-4PZPXC
COPYRIGHT Copyright (C) 2012 - 2022 ARM Limited or its Affiliates. All rights reserved.
*** ERROR C141 IN LINE 94 OF .\src\Dri\Dri_UART.c: syntax error near '}', expected ';'

C51 COMPILATION COMPLETE.  0 WARNING(S),  1 ERROR(S)

[2025-06-27 16:09:22]	[done]
	build successfully !

[2025-06-27 16:27:05]	[done]
	build successfully !

[2025-06-27 17:13:09]	link failed !, exit code: 2
   at unify_builder.Program.Main(String[] args_)
---

LX51 LINKER/LOCATER V4.66.100.0 - SN: K1DZC-4PZPXC
COPYRIGHT Copyright (C) 1995-2021, Arm Limited or its Affiliates. All rights reserved.
@c:\Users\WH-HKB\Desktop\VS51Code\250515_Projects\24_UART通讯协议\build\Release\24_UART通讯协议.lnp .\build\Release\.obj\src\Com\Com_Util.o,.\build\Release\.obj\src\Dri\Dri_Timer0.o,.\build\Release\.obj\src\Dri\Dri_UART.o,.\build\Release\.obj\src\main.o TO .\build\Release\24_UART通讯协议
PRINT(.\build\Release\24_UART通讯协议.map) REMOVEUNUSED

*** ERROR L107: ADDRESS SPACE OVERFLOW
    SPACE:   DATA
    SEGMENT: _DATA_GROUP_
    LENGTH:  00006BH   

*** ERROR L107: ADDRESS SPACE OVERFLOW
    SPACE:   DATA
    SEGMENT: ?DT?DRI_UART
    LENGTH:  000065H   

Program Size: data=229.3 xdata=0 const=13 code=1120
LX51 RUN COMPLETE.  0 WARNING(S),  2 ERROR(S)


[2025-06-27 17:13:42]	[done]
	build successfully !

[2025-06-27 17:14:10]	[done]
	build successfully !

[2025-06-27 17:14:24]	[done]
	build successfully !

[2025-06-27 17:16:13]	[done]
	build successfully !

