[2025-06-28 14:28:30]	compilation failed at : "c:\Users\WH-HKB\Desktop\VS51Code\250515_Projects\25_IIC协议\src\Dri\Dri_IIC.c", exit code: 2
command: 
  "d:\Development\Keil_v5\C51\BIN\C51.exe" .\src\Dri\Dri_IIC.c OMF2 TABS(4) CODE NOCOND SYMBOLS INCDIR(d:/Development/Keil_v5/C51/INC/STC;d:/Development/Keil_v5/C51/INC;src;src/Com;src/Dri;src/Int) DEFINE(__UVISION_VERSION='526') OPTIMIZE(8,SPEED) SMALL ROM(LARGE) PRINT(.\build\Release\.obj\src\Dri\Dri_IIC.lst) OBJECT(.\build\Release\.obj\src\Dri\Dri_IIC.o)
   at unify_builder.Program.Main(String[] args_)
---
C51 COMPILER V9.60.7.0 - SN: K1DZC-4PZPXC
COPYRIGHT Copyright (C) 2012 - 2022 ARM Limited or its Affiliates. All rights reserved.
*** ERROR C141 IN LINE 20 OF .\src\Dri\Dri_IIC.h: syntax error near 'by', expected ')'
*** ERROR C129 IN LINE 34 OF .\src\Dri\Dri_IIC.h: missing ';' before 'Dri_IIC_ReceiveByte'

C51 COMPILATION COMPLETE.  0 WARNING(S),  2 ERROR(S)

[2025-06-28 14:29:35]	compilation failed at : "c:\Users\WH-HKB\Desktop\VS51Code\250515_Projects\25_IIC协议\src\Dri\Dri_IIC.c", exit code: 2
command: 
  "d:\Development\Keil_v5\C51\BIN\C51.exe" .\src\Dri\Dri_IIC.c OMF2 TABS(4) CODE NOCOND SYMBOLS INCDIR(d:/Development/Keil_v5/C51/INC/STC;d:/Development/Keil_v5/C51/INC;src;src/Com;src/Dri;src/Int) DEFINE(__UVISION_VERSION='526') OPTIMIZE(8,SPEED) SMALL ROM(LARGE) PRINT(.\build\Release\.obj\src\Dri\Dri_IIC.lst) OBJECT(.\build\Release\.obj\src\Dri\Dri_IIC.o)
   at unify_builder.Program.Main(String[] args_)
---
C51 COMPILER V9.60.7.0 - SN: K1DZC-4PZPXC
COPYRIGHT Copyright (C) 2012 - 2022 ARM Limited or its Affiliates. All rights reserved.
*** ERROR C141 IN LINE 20 OF .\src\Dri\Dri_IIC.h: syntax error near 'by', expected ')'
*** ERROR C129 IN LINE 34 OF .\src\Dri\Dri_IIC.h: missing ';' before 'Dri_IIC_ReceiveByte'

C51 COMPILATION COMPLETE.  0 WARNING(S),  2 ERROR(S)

[2025-06-28 14:30:18]	compilation failed at : "c:\Users\WH-HKB\Desktop\VS51Code\250515_Projects\25_IIC协议\src\Dri\Dri_IIC.c", exit code: 2
command: 
  "d:\Development\Keil_v5\C51\BIN\C51.exe" .\src\Dri\Dri_IIC.c OMF2 TABS(4) CODE NOCOND SYMBOLS INCDIR(d:/Development/Keil_v5/C51/INC/STC;d:/Development/Keil_v5/C51/INC;src;src/Com;src/Dri;src/Int) DEFINE(__UVISION_VERSION='526') OPTIMIZE(8,SPEED) SMALL ROM(LARGE) PRINT(.\build\Release\.obj\src\Dri\Dri_IIC.lst) OBJECT(.\build\Release\.obj\src\Dri\Dri_IIC.o)
   at unify_builder.Program.Main(String[] args_)
---
C51 COMPILER V9.60.7.0 - SN: K1DZC-4PZPXC
COPYRIGHT Copyright (C) 2012 - 2022 ARM Limited or its Affiliates. All rights reserved.
*** ERROR C141 IN LINE 20 OF .\src\Dri\Dri_IIC.h: syntax error near 'byte', expected ')'
*** ERROR C129 IN LINE 34 OF .\src\Dri\Dri_IIC.h: missing ';' before 'Dri_IIC_ReceiveByte'

C51 COMPILATION COMPLETE.  0 WARNING(S),  2 ERROR(S)

[2025-06-28 14:30:28]	compilation failed at : "c:\Users\WH-HKB\Desktop\VS51Code\250515_Projects\25_IIC协议\src\Dri\Dri_IIC.c", exit code: 2
command: 
  "d:\Development\Keil_v5\C51\BIN\C51.exe" .\src\Dri\Dri_IIC.c OMF2 TABS(4) CODE NOCOND SYMBOLS INCDIR(d:/Development/Keil_v5/C51/INC/STC;d:/Development/Keil_v5/C51/INC;src;src/Com;src/Dri;src/Int) DEFINE(__UVISION_VERSION='526') OPTIMIZE(8,SPEED) SMALL ROM(LARGE) PRINT(.\build\Release\.obj\src\Dri\Dri_IIC.lst) OBJECT(.\build\Release\.obj\src\Dri\Dri_IIC.o)
   at unify_builder.Program.Main(String[] args_)
---
C51 COMPILER V9.60.7.0 - SN: K1DZC-4PZPXC
COPYRIGHT Copyright (C) 2012 - 2022 ARM Limited or its Affiliates. All rights reserved.
*** ERROR C141 IN LINE 20 OF .\src\Dri\Dri_IIC.h: syntax error near 'byte', expected ')'
*** ERROR C129 IN LINE 34 OF .\src\Dri\Dri_IIC.h: missing ';' before 'Dri_IIC_ReceiveByte'

C51 COMPILATION COMPLETE.  0 WARNING(S),  2 ERROR(S)

[2025-06-28 14:31:06]	[done]
	build successfully !

[2025-06-28 14:37:04]	[done]
	build successfully !

[2025-06-28 14:38:39]	[done]
	build successfully !

