C51 COMPILER V9.60.7.0   MAIN                                                              06/20/2025 13:53:54 PAGE 1   


C51 COMPILER V9.60.7.0, COMPILATION OF MODULE MAIN
OBJECT MODULE PLACED IN .\Objects\main.obj
COMPILER INVOKED BY: D:\Development\Keil_v5\C51\BIN\C51.EXE main.c OPTIMIZE(8,SPEED) BROWSE DEBUG OBJECTEXTEND PRINT(.\L
                    -istings\main.lst) TABS(2) OBJECT(.\Objects\main.obj)

line level    source

   1          #include <STC89C5xRC.H>
   2          #include <INTRINS.H>
   3          
   4          //延时函数的函数声明
   5          void Delay1ms(void);
   6          
   7          void main(){
   8   1        //在51单片机内容中, 所有变量的定义必须放在第一句代码
   9   1        int count = 1000;
  10   1        //把蜂鸣器关闭; [你们不用写]
  11   1        P46 = 0;
  12   1        
  13   1        //把LED1置为低电平
  14   1        P00 = 0;
  15   1        
  16   1        //卡死程序防止跑飞
  17   1        while(1){
  18   2          //把P00的电平置为 取反
  19   2          P00 = ~P00;
  20   2          
  21   2          
  22   2          while(count > 0){
  23   3              //调用延时函数
  24   3              Delay1ms();
  25   3              count--;
  26   3          }
  27   2          count = 1000;
  28   2        }
  29   1      }
  30          
  31          //延时1毫秒的函数
  32          void Delay1ms(void) //@11.0592MHz
  33          {
  34   1        unsigned char data i, j;
  35   1      
  36   1        _nop_();
  37   1        i = 2;
  38   1        j = 199;
  39   1        do
  40   1        {
  41   2          while (--j);
  42   2        } while (--i);
  43   1      }
  44          


MODULE INFORMATION:   STATIC OVERLAYABLE
   CODE SIZE        =     56    ----
   CONSTANT SIZE    =   ----    ----
   XDATA SIZE       =   ----    ----
   PDATA SIZE       =   ----    ----
   DATA SIZE        =   ----       2
   IDATA SIZE       =   ----    ----
   BIT SIZE         =   ----    ----
C51 COMPILER V9.60.7.0   MAIN                                                              06/20/2025 13:53:54 PAGE 2   

END OF MODULE INFORMATION.


C51 COMPILATION COMPLETE.  0 WARNING(S),  0 ERROR(S)
