[2025-06-21 14:16:02]	compilation failed at : "c:\Users\WH-HKB\Desktop\VS51Code\250515_Projects\05_动态数码管_初级版\src\main.c", exit code: 2
command: 
  "d:\Development\Keil_v5\C51\BIN\C51.exe" .\src\main.c OMF2 TABS(4) CODE NOCOND SYMBOLS PRINT(.\build\Release\.obj\src\main.lst) INCDIR(d:/Development/Keil_v5/C51/INC/STC;d:/Development/Keil_v5/C51/INC) DEFINE(__UVISION_VERSION='526') OPTIMIZE(8,SPEED) SMALL ROM(LARGE) OBJECT(.\build\Release\.obj\src\main.o)
   at unify_builder.Program.Main(String[] args_)
---
C51 COMPILER V9.60.7.0 - SN: K1DZC-4PZPXC
COPYRIGHT Copyright (C) 2012 - 2022 ARM Limited or its Affiliates. All rights reserved.
*** ERROR C141 IN LINE 80 OF .\src\main.c: syntax error near 'u8', expected 'sizeof'
*** ERROR C202 IN LINE 80 OF .\src\main.c: 'i': undefined identifier
*** ERROR C202 IN LINE 80 OF .\src\main.c: 'i': undefined identifier
*** ERROR C202 IN LINE 80 OF .\src\main.c: 'i': undefined identifier
*** ERROR C141 IN LINE 80 OF .\src\main.c: syntax error near ')', expected ';'

C51 COMPILATION COMPLETE.  0 WARNING(S),  5 ERROR(S)

[2025-06-21 14:17:09]	[done]
	build successfully !

[2025-06-21 14:20:59]	[done]
	build successfully !

[2025-06-21 14:22:12]	compilation failed at : "c:\Users\WH-HKB\Desktop\VS51Code\250515_Projects\05_动态数码管_初级版\src\main.c", exit code: 2
command: 
  "d:\Development\Keil_v5\C51\BIN\C51.exe" .\src\main.c OMF2 TABS(4) CODE NOCOND SYMBOLS PRINT(.\build\Release\.obj\src\main.lst) INCDIR(d:/Development/Keil_v5/C51/INC/STC;d:/Development/Keil_v5/C51/INC) DEFINE(__UVISION_VERSION='526') OPTIMIZE(8,SPEED) SMALL ROM(LARGE) OBJECT(.\build\Release\.obj\src\main.o)
   at unify_builder.Program.Main(String[] args_)
---
C51 COMPILER V9.60.7.0 - SN: K1DZC-4PZPXC
COPYRIGHT Copyright (C) 2012 - 2022 ARM Limited or its Affiliates. All rights reserved.
*** ERROR C141 IN LINE 81 OF .\src\main.c: syntax error near '=', expected 'sizeof'
*** ERROR C141 IN LINE 81 OF .\src\main.c: syntax error near ')', expected ';'

C51 COMPILATION COMPLETE.  0 WARNING(S),  2 ERROR(S)

[2025-06-21 14:22:24]	[done]
	build successfully !

