[2025-07-01 16:33:02]	[done]
	build successfully !

[2025-07-01 16:59:36]	[done]
	build successfully !

[2025-07-01 17:00:42]	[done]
	build successfully !

[2025-07-01 17:18:54]	compilation failed at : "c:\Users\WH-HKB\Desktop\VS51Code\250515_Projects\28_DS18B20_ÎÂ¶È´«¸ÐÆ÷\src\main.c", exit code: 2
command: 
  "d:\Development\Keil_v5\C51\BIN\C51.exe" .\src\main.c OMF2 TABS(4) CODE NOCOND SYMBOLS INCDIR(d:/Development/Keil_v5/C51/INC/STC;d:/Development/Keil_v5/C51/INC;src;src/Com;src/Dri;src/Int) DEFINE(__UVISION_VERSION='526') OPTIMIZE(8,SPEED) SMALL ROM(LARGE) PRINT(.\build\Release\.obj\src\main.lst) OBJECT(.\build\Release\.obj\src\main.o)
   at unify_builder.Program.Main(String[] args_)
---
C51 COMPILER V9.60.7.0 - SN: K1DZC-4PZPXC
COPYRIGHT Copyright (C) 2012 - 2022 ARM Limited or its Affiliates. All rights reserved.
*** ERROR C141 IN LINE 11 OF .\src\main.c: syntax error near 'char', expected '__asm'
*** ERROR C202 IN LINE 11 OF .\src\main.c: 'temperature2_str': undefined identifier
*** ERROR C202 IN LINE 23 OF .\src\main.c: 'temperature2_str': undefined identifier
*** ERROR C202 IN LINE 25 OF .\src\main.c: 'temperature2_str': undefined identifier

C51 COMPILATION COMPLETE.  0 WARNING(S),  4 ERROR(S)

[2025-07-01 17:19:09]	[done]
	build successfully !

[2025-07-01 17:19:43]	[done]
	build successfully !

[2025-07-01 17:21:23]	[done]
	build successfully !

[2025-07-01 17:22:14]	[done]
	build successfully !

[2025-07-02 15:58:55]	[done]
	build successfully !

[2025-07-02 15:59:45]	[done]
	build successfully !

[2025-07-02 16:02:22]	[done]
	build successfully !

[2025-07-02 16:04:54]	[done]
	build successfully !

