[2025-06-23 15:55:49]	[done]
	build successfully !

[2025-06-23 15:56:10]	[done]
	build successfully !

[2025-06-23 15:56:33]	[done]
	build successfully !

[2025-06-23 16:00:08]	[done]
	build successfully !

[2025-06-23 16:02:09]	[done]
	build successfully !

[2025-06-23 16:02:55]	[done]
	build successfully !

[2025-06-23 16:13:49]	[done]
	build successfully !

[2025-06-23 16:55:59]	compilation failed at : "c:\Users\WH-HKB\Desktop\VS51Code\250515_Projects\15_·äÃùÆ÷\src\main.c", exit code: 2
command: 
  "d:\Development\Keil_v5\C51\BIN\C51.exe" .\src\main.c OMF2 TABS(4) CODE NOCOND SYMBOLS PRINT(.\build\Release\.obj\src\main.lst) INCDIR(d:/Development/Keil_v5/C51/INC/STC;d:/Development/Keil_v5/C51/INC) DEFINE(__UVISION_VERSION='526') OPTIMIZE(8,SPEED) SMALL ROM(LARGE) OBJECT(.\build\Release\.obj\src\main.o)
   at unify_builder.Program.Main(String[] args_)
---
C51 COMPILER V9.60.7.0 - SN: K1DZC-4PZPXC
COPYRIGHT Copyright (C) 2012 - 2022 ARM Limited or its Affiliates. All rights reserved.
*** WARNING C206 IN LINE 21 OF .\src\main.c: 'Int_Buzzer_Buzz_Loud': missing function-prototype
*** ERROR C267 IN LINE 21 OF .\src\main.c: 'Int_Buzzer_Buzz_Loud': requires ANSI-style prototype

C51 COMPILATION COMPLETE.  1 WARNING(S),  1 ERROR(S)

[2025-06-23 16:56:36]	[done]
	build successfully !

[2025-06-23 16:57:24]	[done]
	build successfully !

[2025-06-23 16:58:38]	[done]
	build successfully !

[2025-06-23 17:00:32]	[done]
	build successfully !

